<?xml version="1.0" encoding="utf-8" standalone="no"?>
<test-run id="2" testcasecount="45" result="Passed" total="45" passed="45" failed="0" inconclusive="0" skipped="0" asserts="135" engine-version="3.7.0.0" clr-version="4.0.30319.42000" start-time="2017-10-22 14:06:27Z" end-time="2017-10-22 14:06:31Z" duration="3.705029">
  <command-line><![CDATA["C:\Users\pavel\Documents\REALDOTNET\REAL.NET\packages\NUnit.ConsoleRunner\tools\nunit3-console.exe" "--noheader" "--timeout=1200000" "C:\Users\pavel\Documents\REALDOTNET\REAL.NET\tests\Repo.Tests\bin\Release\Repo.Tests.dll" ]]></command-line>
  <test-suite type="Assembly" id="0-1056" name="Repo.Tests.dll" fullname="C:\Users\pavel\Documents\REALDOTNET\REAL.NET\tests\Repo.Tests\bin\Release\Repo.Tests.dll" runstate="Runnable" testcasecount="45" result="Passed" start-time="2017-10-22 14:06:30Z" end-time="2017-10-22 14:06:31Z" duration="0.926647" total="45" passed="45" failed="0" warnings="0" inconclusive="0" skipped="0" asserts="135">
    <environment framework-version="3.8.1.0" clr-version="4.0.30319.42000" os-version="Microsoft Windows NT 10.0.15063.0" platform="Win32NT" cwd="C:\Users\pavel\Documents\REALDOTNET\REAL.NET" machine-name="DESKTOP-3IAPPOT" user="pavel" user-domain="DESKTOP-3IAPPOT" culture="ru-RU" uiculture="ru-RU" os-architecture="x64" />
    <settings>
      <setting name="DisposeRunners" value="True" />
      <setting name="DefaultTimeout" value="1200000" />
      <setting name="WorkDirectory" value="C:\Users\pavel\Documents\REALDOTNET\REAL.NET" />
      <setting name="ImageRuntimeVersion" value="4.0.30319" />
      <setting name="ImageTargetFrameworkName" value=".NETFramework,Version=v4.5.2" />
      <setting name="ImageRequiresX86" value="False" />
      <setting name="ImageRequiresDefaultAppDomainAssemblyResolver" value="False" />
      <setting name="NumberOfTestWorkers" value="4" />
    </settings>
    <properties>
      <property name="_PID" value="6520" />
      <property name="_APPDOMAIN" value="domain-" />
    </properties>
    <test-suite type="TestFixture" id="0-1037" name="CoreMetametamodelBuilderTests" fullname="CoreMetametamodelBuilderTests" classname="CoreMetametamodelBuilderTests" runstate="Runnable" testcasecount="2" result="Passed" start-time="2017-10-22 14:06:30Z" end-time="2017-10-22 14:06:30Z" duration="0.194504" total="2" passed="2" failed="0" warnings="0" inconclusive="0" skipped="0" asserts="17">
      <test-case id="0-1038" name="Builder shall be able to create model in repo" fullname="CoreMetametamodelBuilderTests.Builder shall be able to create model in repo" methodname="Builder shall be able to create model in repo" classname="CoreMetametamodelBuilderTests" runstate="Runnable" seed="439051199" result="Passed" start-time="2017-10-22 14:06:30Z" end-time="2017-10-22 14:06:30Z" duration="0.160376" asserts="2" />
      <test-case id="0-1039" name="Every model element shall have correct type" fullname="CoreMetametamodelBuilderTests.Every model element shall have correct type" methodname="Every model element shall have correct type" classname="CoreMetametamodelBuilderTests" runstate="Runnable" seed="2037719428" result="Passed" start-time="2017-10-22 14:06:30Z" end-time="2017-10-22 14:06:30Z" duration="0.013071" asserts="15" />
    </test-suite>
    <test-suite type="TestFixture" id="0-1029" name="CoreSemanticLayerTests" fullname="CoreSemanticLayerTests" classname="CoreSemanticLayerTests" runstate="Runnable" testcasecount="7" result="Passed" start-time="2017-10-22 14:06:30Z" end-time="2017-10-22 14:06:30Z" duration="0.059478" total="7" passed="7" failed="0" warnings="0" inconclusive="0" skipped="0" asserts="19">
      <test-case id="0-1035" name="isInstanceOf shall respect generalization" fullname="CoreSemanticLayerTests.isInstanceOf shall respect generalization" methodname="isInstanceOf shall respect generalization" classname="CoreSemanticLayerTests" runstate="Runnable" seed="1577533586" result="Passed" start-time="2017-10-22 14:06:30Z" end-time="2017-10-22 14:06:30Z" duration="0.028793" asserts="4" />
      <test-case id="0-1034" name="isInstanceOf shall work for long instantiation chains" fullname="CoreSemanticLayerTests.isInstanceOf shall work for long instantiation chains" methodname="isInstanceOf shall work for long instantiation chains" classname="CoreSemanticLayerTests" runstate="Runnable" seed="1746133269" result="Passed" start-time="2017-10-22 14:06:30Z" end-time="2017-10-22 14:06:30Z" duration="0.001064" asserts="4" />
      <test-case id="0-1031" name="Repo is able to find any model" fullname="CoreSemanticLayerTests.Repo is able to find any model" methodname="Repo is able to find any model" classname="CoreSemanticLayerTests" runstate="Runnable" seed="1348184859" result="Passed" start-time="2017-10-22 14:06:30Z" end-time="2017-10-22 14:06:30Z" duration="0.001090" asserts="2" />
      <test-case id="0-1030" name="Repo is able to find Core Metametamodel" fullname="CoreSemanticLayerTests.Repo is able to find Core Metametamodel" methodname="Repo is able to find Core Metametamodel" classname="CoreSemanticLayerTests" runstate="Runnable" seed="1636714212" result="Passed" start-time="2017-10-22 14:06:30Z" end-time="2017-10-22 14:06:30Z" duration="0.000351" asserts="1" />
      <test-case id="0-1032" name="Repo shall throw if no model found" fullname="CoreSemanticLayerTests.Repo shall throw if no model found" methodname="Repo shall throw if no model found" classname="CoreSemanticLayerTests" runstate="Runnable" seed="503603910" result="Passed" start-time="2017-10-22 14:06:30Z" end-time="2017-10-22 14:06:30Z" duration="0.019366" asserts="1" />
      <test-case id="0-1033" name="Repo shall throw if searching two models with the same name" fullname="CoreSemanticLayerTests.Repo shall throw if searching two models with the same name" methodname="Repo shall throw if searching two models with the same name" classname="CoreSemanticLayerTests" runstate="Runnable" seed="1845094282" result="Passed" start-time="2017-10-22 14:06:30Z" end-time="2017-10-22 14:06:30Z" duration="0.001269" asserts="1" />
      <test-case id="0-1036" name="Setting attribute value in descendant shall not affect parent nor siblings" fullname="CoreSemanticLayerTests.Setting attribute value in descendant shall not affect parent nor siblings" methodname="Setting attribute value in descendant shall not affect parent nor siblings" classname="CoreSemanticLayerTests" runstate="Runnable" seed="1351400993" result="Passed" start-time="2017-10-22 14:06:30Z" end-time="2017-10-22 14:06:30Z" duration="0.007324" asserts="6" />
    </test-suite>
    <test-suite type="TestFixture" id="0-1040" name="DataElementTests" fullname="DataElementTests" classname="DataElementTests" runstate="Runnable" testcasecount="1" result="Passed" start-time="2017-10-22 14:06:30Z" end-time="2017-10-22 14:06:30Z" duration="0.001243" total="1" passed="1" failed="0" warnings="0" inconclusive="0" skipped="0" asserts="4">
      <test-case id="0-1041" name="DataElement shall have class and name" fullname="DataElementTests.DataElement shall have class and name" methodname="DataElement shall have class and name" classname="DataElementTests" runstate="Runnable" seed="1264205511" result="Passed" start-time="2017-10-22 14:06:30Z" end-time="2017-10-22 14:06:30Z" duration="0.001170" asserts="4" />
    </test-suite>
    <test-suite type="TestFixture" id="0-1046" name="DataModelTests" fullname="DataModelTests" classname="DataModelTests" runstate="Runnable" testcasecount="9" result="Passed" start-time="2017-10-22 14:06:30Z" end-time="2017-10-22 14:06:31Z" duration="0.176128" total="9" passed="9" failed="0" warnings="0" inconclusive="0" skipped="0" asserts="46">
      <test-case id="0-1048" name="Data model shall allow changing name" fullname="DataModelTests.Data model shall allow changing name" methodname="Data model shall allow changing name" classname="DataModelTests" runstate="Runnable" seed="10999896" result="Passed" start-time="2017-10-22 14:06:30Z" end-time="2017-10-22 14:06:30Z" duration="0.001173" asserts="4" />
      <test-case id="0-1050" name="Data model shall allow creating edges" fullname="DataModelTests.Data model shall allow creating edges" methodname="Data model shall allow creating edges" classname="DataModelTests" runstate="Runnable" seed="1905570039" result="Passed" start-time="2017-10-22 14:06:30Z" end-time="2017-10-22 14:06:30Z" duration="0.102540" asserts="4" />
      <test-case id="0-1049" name="Data model shall allow creating nodes" fullname="DataModelTests.Data model shall allow creating nodes" methodname="Data model shall allow creating nodes" classname="DataModelTests" runstate="Runnable" seed="1826504102" result="Passed" start-time="2017-10-22 14:06:30Z" end-time="2017-10-22 14:06:30Z" duration="0.002091" asserts="3" />
      <test-case id="0-1051" name="Data model shall allow creating unconnected associations" fullname="DataModelTests.Data model shall allow creating unconnected associations" methodname="Data model shall allow creating unconnected associations" classname="DataModelTests" runstate="Runnable" seed="1944605392" result="Passed" start-time="2017-10-22 14:06:30Z" end-time="2017-10-22 14:06:31Z" duration="0.005615" asserts="4" />
      <test-case id="0-1052" name="Data model shall allow creating unconnected generalizations" fullname="DataModelTests.Data model shall allow creating unconnected generalizations" methodname="Data model shall allow creating unconnected generalizations" classname="DataModelTests" runstate="Runnable" seed="1117725785" result="Passed" start-time="2017-10-22 14:06:31Z" end-time="2017-10-22 14:06:31Z" duration="0.005051" asserts="4" />
      <test-case id="0-1053" name="Data model shall allow deleting elements" fullname="DataModelTests.Data model shall allow deleting elements" methodname="Data model shall allow deleting elements" classname="DataModelTests" runstate="Runnable" seed="537591616" result="Passed" start-time="2017-10-22 14:06:31Z" end-time="2017-10-22 14:06:31Z" duration="0.042986" asserts="7" />
      <test-case id="0-1054" name="Data model shall disconnect edges on removing source or target" fullname="DataModelTests.Data model shall disconnect edges on removing source or target" methodname="Data model shall disconnect edges on removing source or target" classname="DataModelTests" runstate="Runnable" seed="304481531" result="Passed" start-time="2017-10-22 14:06:31Z" end-time="2017-10-22 14:06:31Z" duration="0.010009" asserts="7" />
      <test-case id="0-1055" name="Data model shall disconnect edges on removing source or target edges" fullname="DataModelTests.Data model shall disconnect edges on removing source or target edges" methodname="Data model shall disconnect edges on removing source or target edges" classname="DataModelTests" runstate="Runnable" seed="369377918" result="Passed" start-time="2017-10-22 14:06:31Z" end-time="2017-10-22 14:06:31Z" duration="0.004451" asserts="9" />
      <test-case id="0-1047" name="Data model shall have name and metamodel" fullname="DataModelTests.Data model shall have name and metamodel" methodname="Data model shall have name and metamodel" classname="DataModelTests" runstate="Runnable" seed="1103935760" result="Passed" start-time="2017-10-22 14:06:31Z" end-time="2017-10-22 14:06:31Z" duration="0.001874" asserts="4" />
    </test-suite>
    <test-suite type="TestFixture" id="0-1042" name="DataRepoTest" fullname="DataRepoTest" classname="DataRepoTest" runstate="Runnable" testcasecount="3" result="Passed" start-time="2017-10-22 14:06:31Z" end-time="2017-10-22 14:06:31Z" duration="0.007114" total="3" passed="3" failed="0" warnings="0" inconclusive="0" skipped="0" asserts="5">
      <test-case id="0-1043" name="Repo shall be able to create a model" fullname="DataRepoTest.Repo shall be able to create a model" methodname="Repo shall be able to create a model" classname="DataRepoTest" runstate="Runnable" seed="655119317" result="Passed" start-time="2017-10-22 14:06:31Z" end-time="2017-10-22 14:06:31Z" duration="0.002172" asserts="1" />
      <test-case id="0-1044" name="Repo shall be able to delete a model" fullname="DataRepoTest.Repo shall be able to delete a model" methodname="Repo shall be able to delete a model" classname="DataRepoTest" runstate="Runnable" seed="349452922" result="Passed" start-time="2017-10-22 14:06:31Z" end-time="2017-10-22 14:06:31Z" duration="0.003331" asserts="2" />
      <test-case id="0-1045" name="Repo shall throw if deleting model in use" fullname="DataRepoTest.Repo shall throw if deleting model in use" methodname="Repo shall throw if deleting model in use" classname="DataRepoTest" runstate="Runnable" seed="1142365214" result="Passed" start-time="2017-10-22 14:06:31Z" end-time="2017-10-22 14:06:31Z" duration="0.001359" asserts="2" />
    </test-suite>
    <test-suite type="TestFixture" id="0-1003" name="FacadeAttributeTests" fullname="FacadeAttributeTests" classname="FacadeAttributeTests" runstate="Runnable" testcasecount="5" result="Passed" start-time="2017-10-22 14:06:31Z" end-time="2017-10-22 14:06:31Z" duration="0.155663" total="5" passed="5" failed="0" warnings="0" inconclusive="0" skipped="0" asserts="5">
      <test-case id="0-1004" name="Attribute kind in metamodel for Motors Forward Ports is String" fullname="FacadeAttributeTests.Attribute kind in metamodel for Motors Forward Ports is String" methodname="Attribute kind in metamodel for Motors Forward Ports is String" classname="FacadeAttributeTests" runstate="Runnable" seed="582714055" result="Passed" start-time="2017-10-22 14:06:31Z" end-time="2017-10-22 14:06:31Z" duration="0.100866" asserts="1" />
      <test-case id="0-1005" name="Attribute kind in model for an instance of Motors Forward Ports is String" fullname="FacadeAttributeTests.Attribute kind in model for an instance of Motors Forward Ports is String" methodname="Attribute kind in model for an instance of Motors Forward Ports is String" classname="FacadeAttributeTests" runstate="Runnable" seed="657311962" result="Passed" start-time="2017-10-22 14:06:31Z" end-time="2017-10-22 14:06:31Z" duration="0.014415" asserts="1" />
      <test-case id="0-1006" name="Attribute value in metamodel for Motors Forward Ports is 'M3, M4'" fullname="FacadeAttributeTests.Attribute value in metamodel for Motors Forward Ports is 'M3, M4'" methodname="Attribute value in metamodel for Motors Forward Ports is 'M3, M4'" classname="FacadeAttributeTests" runstate="Runnable" seed="1345505462" result="Passed" start-time="2017-10-22 14:06:31Z" end-time="2017-10-22 14:06:31Z" duration="0.013425" asserts="1" />
      <test-case id="0-1008" name="Attribute value in model can be changed" fullname="FacadeAttributeTests.Attribute value in model can be changed" methodname="Attribute value in model can be changed" classname="FacadeAttributeTests" runstate="Runnable" seed="1604610733" result="Passed" start-time="2017-10-22 14:06:31Z" end-time="2017-10-22 14:06:31Z" duration="0.013138" asserts="1" />
      <test-case id="0-1007" name="Attribute value in model for an instance of Motors Forward Ports is 'M3, M4'" fullname="FacadeAttributeTests.Attribute value in model for an instance of Motors Forward Ports is 'M3, M4'" methodname="Attribute value in model for an instance of Motors Forward Ports is 'M3, M4'" classname="FacadeAttributeTests" runstate="Runnable" seed="1623933691" result="Passed" start-time="2017-10-22 14:06:31Z" end-time="2017-10-22 14:06:31Z" duration="0.013597" asserts="1" />
    </test-suite>
    <test-suite type="TestFixture" id="0-1009" name="FacadeModelTests" fullname="FacadeModelTests" classname="FacadeModelTests" runstate="Runnable" testcasecount="4" result="Passed" start-time="2017-10-22 14:06:31Z" end-time="2017-10-22 14:06:31Z" duration="0.027896" total="4" passed="4" failed="0" warnings="0" inconclusive="0" skipped="0" asserts="6">
      <test-case id="0-1012" name="Model shall allow to create nodes" fullname="FacadeModelTests.Model shall allow to create nodes" methodname="Model shall allow to create nodes" classname="FacadeModelTests" runstate="Runnable" seed="1889975657" result="Passed" start-time="2017-10-22 14:06:31Z" end-time="2017-10-22 14:06:31Z" duration="0.006599" asserts="1" />
      <test-case id="0-1013" name="Model shall allow to list its nodes" fullname="FacadeModelTests.Model shall allow to list its nodes" methodname="Model shall allow to list its nodes" classname="FacadeModelTests" runstate="Runnable" seed="527888319" result="Passed" start-time="2017-10-22 14:06:31Z" end-time="2017-10-22 14:06:31Z" duration="0.018682" asserts="2" />
      <test-case id="0-1010" name="Model shall allow to set a name" fullname="FacadeModelTests.Model shall allow to set a name" methodname="Model shall allow to set a name" classname="FacadeModelTests" runstate="Runnable" seed="620641598" result="Passed" start-time="2017-10-22 14:06:31Z" end-time="2017-10-22 14:06:31Z" duration="0.001679" asserts="2" />
      <test-case id="0-1011" name="Model shall have metamodel" fullname="FacadeModelTests.Model shall have metamodel" methodname="Model shall have metamodel" classname="FacadeModelTests" runstate="Runnable" seed="1951361322" result="Passed" start-time="2017-10-22 14:06:31Z" end-time="2017-10-22 14:06:31Z" duration="0.000721" asserts="1" />
    </test-suite>
    <test-suite type="TestFixture" id="0-1000" name="FacadeNodeTest" fullname="FacadeNodeTest" classname="FacadeNodeTest" runstate="Runnable" testcasecount="2" result="Passed" start-time="2017-10-22 14:06:31Z" end-time="2017-10-22 14:06:31Z" duration="0.028710" total="2" passed="2" failed="0" warnings="0" inconclusive="0" skipped="0" asserts="2">
      <test-case id="0-1001" name="Node in a model shall have metatype" fullname="FacadeNodeTest.Node in a model shall have metatype" methodname="Node in a model shall have metatype" classname="FacadeNodeTest" runstate="Runnable" seed="483768648" result="Passed" start-time="2017-10-22 14:06:31Z" end-time="2017-10-22 14:06:31Z" duration="0.015050" asserts="1" />
      <test-case id="0-1002" name="Timer block shall have a picture" fullname="FacadeNodeTest.Timer block shall have a picture" methodname="Timer block shall have a picture" classname="FacadeNodeTest" runstate="Runnable" seed="1069728930" result="Passed" start-time="2017-10-22 14:06:31Z" end-time="2017-10-22 14:06:31Z" duration="0.013535" asserts="1" />
    </test-suite>
    <test-suite type="TestFixture" id="0-1014" name="FacadeRepoTests" fullname="FacadeRepoTests" classname="FacadeRepoTests" runstate="Runnable" testcasecount="4" result="Passed" start-time="2017-10-22 14:06:31Z" end-time="2017-10-22 14:06:31Z" duration="0.055138" total="4" passed="4" failed="0" warnings="0" inconclusive="0" skipped="0" asserts="7">
      <test-case id="0-1016" name="Repository shall allow to add a model" fullname="FacadeRepoTests.Repository shall allow to add a model" methodname="Repository shall allow to add a model" classname="FacadeRepoTests" runstate="Runnable" seed="682970955" result="Passed" start-time="2017-10-22 14:06:31Z" end-time="2017-10-22 14:06:31Z" duration="0.014134" asserts="2" />
      <test-case id="0-1017" name="Repository shall allow to delete a model" fullname="FacadeRepoTests.Repository shall allow to delete a model" methodname="Repository shall allow to delete a model" classname="FacadeRepoTests" runstate="Runnable" seed="2103363105" result="Passed" start-time="2017-10-22 14:06:31Z" end-time="2017-10-22 14:06:31Z" duration="0.013315" asserts="2" />
      <test-case id="0-1015" name="Repository shall contain at least core metamodel" fullname="FacadeRepoTests.Repository shall contain at least core metamodel" methodname="Repository shall contain at least core metamodel" classname="FacadeRepoTests" runstate="Runnable" seed="1871526681" result="Passed" start-time="2017-10-22 14:06:31Z" end-time="2017-10-22 14:06:31Z" duration="0.013615" asserts="1" />
      <test-case id="0-1018" name="Repository shall not allow to delete a model that is needed" fullname="FacadeRepoTests.Repository shall not allow to delete a model that is needed" methodname="Repository shall not allow to delete a model that is needed" classname="FacadeRepoTests" runstate="Runnable" seed="1701246388" result="Passed" start-time="2017-10-22 14:06:31Z" end-time="2017-10-22 14:06:31Z" duration="0.013887" asserts="2" />
    </test-suite>
    <test-suite type="TestFixture" id="0-1021" name="InfrastructureSemanticLayerTests" fullname="InfrastructureSemanticLayerTests" classname="InfrastructureSemanticLayerTests" runstate="Runnable" testcasecount="7" result="Passed" start-time="2017-10-22 14:06:31Z" end-time="2017-10-22 14:06:31Z" duration="0.021820" total="7" passed="7" failed="0" warnings="0" inconclusive="0" skipped="0" asserts="19">
      <test-case id="0-1026" name="Changing attribute in instance should not affect class or other instances" fullname="InfrastructureSemanticLayerTests.Changing attribute in instance should not affect class or other instances" methodname="Changing attribute in instance should not affect class or other instances" classname="InfrastructureSemanticLayerTests" runstate="Runnable" seed="1505089080" result="Passed" start-time="2017-10-22 14:06:31Z" end-time="2017-10-22 14:06:31Z" duration="0.005019" asserts="5" />
      <test-case id="0-1023" name="Double instantiation shall result in correct instantiation chain" fullname="InfrastructureSemanticLayerTests.Double instantiation shall result in correct instantiation chain" methodname="Double instantiation shall result in correct instantiation chain" classname="InfrastructureSemanticLayerTests" runstate="Runnable" seed="1619029931" result="Passed" start-time="2017-10-22 14:06:31Z" end-time="2017-10-22 14:06:31Z" duration="0.002322" asserts="1" />
      <test-case id="0-1025" name="Instantiation shall create attributes from class's parents" fullname="InfrastructureSemanticLayerTests.Instantiation shall create attributes from class's parents" methodname="Instantiation shall create attributes from class's parents" classname="InfrastructureSemanticLayerTests" runstate="Runnable" seed="1131940219" result="Passed" start-time="2017-10-22 14:06:31Z" end-time="2017-10-22 14:06:31Z" duration="0.003861" asserts="2" />
      <test-case id="0-1028" name="Instantiation shall ignore non-instantiable attributes" fullname="InfrastructureSemanticLayerTests.Instantiation shall ignore non-instantiable attributes" methodname="Instantiation shall ignore non-instantiable attributes" classname="InfrastructureSemanticLayerTests" runstate="Runnable" seed="32041852" result="Passed" start-time="2017-10-22 14:06:31Z" end-time="2017-10-22 14:06:31Z" duration="0.001916" asserts="1" />
      <test-case id="0-1022" name="Instantiation shall preserve linguistic attributes" fullname="InfrastructureSemanticLayerTests.Instantiation shall preserve linguistic attributes" methodname="Instantiation shall preserve linguistic attributes" classname="InfrastructureSemanticLayerTests" runstate="Runnable" seed="302543677" result="Passed" start-time="2017-10-22 14:06:31Z" end-time="2017-10-22 14:06:31Z" duration="0.003081" asserts="3" />
      <test-case id="0-1027" name="Instantiation shall respect default values" fullname="InfrastructureSemanticLayerTests.Instantiation shall respect default values" methodname="Instantiation shall respect default values" classname="InfrastructureSemanticLayerTests" runstate="Runnable" seed="1654765663" result="Passed" start-time="2017-10-22 14:06:31Z" end-time="2017-10-22 14:06:31Z" duration="0.002455" asserts="1" />
      <test-case id="0-1024" name="Setting attribute value in descendant shall not affect parent nor siblings" fullname="InfrastructureSemanticLayerTests.Setting attribute value in descendant shall not affect parent nor siblings" methodname="Setting attribute value in descendant shall not affect parent nor siblings" classname="InfrastructureSemanticLayerTests" runstate="Runnable" seed="1415582884" result="Passed" start-time="2017-10-22 14:06:31Z" end-time="2017-10-22 14:06:31Z" duration="0.002949" asserts="6" />
    </test-suite>
    <test-suite type="TestFixture" id="0-1019" name="RobotsTestModelsTests" fullname="RobotsTestModelsTests" classname="RobotsTestModelsTests" runstate="Runnable" testcasecount="1" result="Passed" start-time="2017-10-22 14:06:31Z" end-time="2017-10-22 14:06:31Z" duration="0.017004" total="1" passed="1" failed="0" warnings="0" inconclusive="0" skipped="0" asserts="5">
      <test-case id="0-1020" name="Generalizations shall be listed as edges in metamodel" fullname="RobotsTestModelsTests.Generalizations shall be listed as edges in metamodel" methodname="Generalizations shall be listed as edges in metamodel" classname="RobotsTestModelsTests" runstate="Runnable" seed="1255606371" result="Passed" start-time="2017-10-22 14:06:31Z" end-time="2017-10-22 14:06:31Z" duration="0.016843" asserts="5" />
    </test-suite>
  </test-suite>
</test-run>